#
# There is insufficient memory for the Java Runtime Environment to continue.
# Native memory allocation (mmap) failed to map 65536 bytes. Error detail: Failed to commit metaspace.
# Possible reasons:
#   The system is out of physical RAM or swap space
#   This process is running with CompressedOops enabled, and the Java Heap may be blocking the growth of the native heap
# Possible solutions:
#   Reduce memory load on the system
#   Increase physical memory or swap space
#   Check if swap backing store is full
#   Decrease Java heap size (-Xmx/-Xms)
#   Decrease number of Java threads
#   Decrease Java thread stack sizes (-Xss)
#   Set larger code cache with -XX:ReservedCodeCacheSize=
#   JVM is running with Unscaled Compressed Oops mode in which the Java heap is
#     placed in the first 4GB address space. The Java Heap base address is the
#     maximum limit for the native heap growth. Please use -XX:HeapBaseMinAddress
#     to set the Java Heap base and to place the Java Heap above 4GB virtual address.
# This output file may be truncated or incomplete.
#
#  Out of Memory Error (virtualSpaceNode.cpp:112), pid=232004, tid=218664
#
# JRE version: OpenJDK Runtime Environment Temurin-22.0.2+9 (22.0.2+9) (build 22.0.2+9)
# Java VM: OpenJDK 64-Bit Server VM Temurin-22.0.2+9 (22.0.2+9, mixed mode, tiered, compressed oops, compressed class ptrs, g1 gc, windows-amd64)
# No core dump will be written. Minidumps are not enabled by default on client versions of Windows
#

---------------  S U M M A R Y ------------

Command Line: -Dfile.encoding=UTF-8 -Dstdout.encoding=UTF-8 -Dstderr.encoding=UTF-8 -XX:+ShowCodeDetailsInExceptionMessages com.wipro.orderms.OrdermsApplication

Host: 12th Gen Intel(R) Core(TM) i3-1215U, 8 cores, 7G,  Windows 11 , 64 bit Build 22621 (10.0.22621.5415)
Time: Wed Aug  6 16:48:40 2025 India Standard Time elapsed time: 0.194581 seconds (0d 0h 0m 0s)

---------------  T H R E A D  ---------------

Current thread (0x000002a5c54a4ef0):  JavaThread "main"             [_thread_in_vm, id=218664, stack(0x000000c570100000,0x000000c570200000) (1024K)]

Stack: [0x000000c570100000,0x000000c570200000]
Native frames: (J=compiled Java code, j=interpreted, Vv=VM code, C=native code)
V  [jvm.dll+0x6ea6a9]  (no source info available)
V  [jvm.dll+0x8cdbf3]  (no source info available)
V  [jvm.dll+0x8d001e]  (no source info available)
V  [jvm.dll+0x8d06f3]  (no source info available)
V  [jvm.dll+0x286dc6]  (no source info available)
V  [jvm.dll+0x8c998e]  (no source info available)
V  [jvm.dll+0x68c215]  (no source info available)
V  [jvm.dll+0x68c27a]  (no source info available)
V  [jvm.dll+0x68ea97]  (no source info available)
V  [jvm.dll+0x22b33c]  (no source info available)
V  [jvm.dll+0x68cc2e]  (no source info available)
V  [jvm.dll+0x2719c0]  (no source info available)
V  [jvm.dll+0x21bb27]  (no source info available)
V  [jvm.dll+0x21146e]  (no source info available)
V  [jvm.dll+0x5ca68c]  (no source info available)
V  [jvm.dll+0x222aea]  (no source info available)
V  [jvm.dll+0x8438ac]  (no source info available)
V  [jvm.dll+0x844906]  (no source info available)
V  [jvm.dll+0x844f14]  (no source info available)
V  [jvm.dll+0x844b98]  (no source info available)
V  [jvm.dll+0x273fbb]  (no source info available)
V  [jvm.dll+0x2741ea]  (no source info available)
V  [jvm.dll+0x5ee107]  (no source info available)
V  [jvm.dll+0x5f10ff]  (no source info available)
V  [jvm.dll+0x3e448d]  (no source info available)
V  [jvm.dll+0x3e3a7d]  (no source info available)
C  0x000002a5d26f9871  (no source info available)

The last pc belongs to invokestatic (printed below).
Java frames: (J=compiled Java code, j=interpreted, Vv=VM code)
j  jdk.internal.access.SharedSecrets.ensureClassInitialized(Ljava/lang/Class;)V+0 java.base
j  jdk.internal.access.SharedSecrets.getJavaLangModuleAccess()Ljdk/internal/access/JavaLangModuleAccess;+10 java.base
j  jdk.internal.module.ModuleBootstrap.<clinit>()V+22 java.base
v  ~StubRoutines::call_stub 0x000002a5d26e100d
j  java.lang.System.initPhase2(ZZ)I+0 java.base
v  ~StubRoutines::call_stub 0x000002a5d26e100d
invokestatic  184 invokestatic  [0x000002a5d26f97c0, 0x000002a5d26f9a88]  712 bytes
[MachCode]
  0x000002a5d26f97c0: 4883 ec08 | c5fa 1104 | 24eb 1f48 | 83ec 10c5 | fb11 0424 | eb14 4883 | ec10 4889 | 0424 48c7 
  0x000002a5d26f97e0: 4424 0800 | 0000 00eb | 0150 488b | 4dd0 410f | b755 0148 | 8b49 306b | d218 488d | 4c11 080f 
  0x000002a5d26f9800: b659 1681 | fbb8 0000 | 000f 84bd | 0000 00bb | b800 0000 | e805 0000 | 00e9 9900 | 0000 488b 
  0x000002a5d26f9820: d348 8d44 | 2408 4c89 | 6dc0 498b | cfc5 f877 | 4989 afb0 | 0300 0049 | 8987 a003 | 0000 4883 
  0x000002a5d26f9840: ec20 40f6 | c40f 0f84 | 1900 0000 | 4883 ec08 | 48b8 103a | 016c fa7f | 0000 ffd0 | 4883 c408 
  0x000002a5d26f9860: e90c 0000 | 0048 b810 | 3a01 6cfa | 7f00 00ff | d048 83c4 | 2049 c787 | a003 0000 | 0000 0000 
  0x000002a5d26f9880: 49c7 87b0 | 0300 0000 | 0000 0049 | c787 a803 | 0000 0000 | 0000 c5f8 | 7749 837f | 0800 0f84 
  0x000002a5d26f98a0: 0500 0000 | e957 76fe | ff4c 8b6d | c04c 8b75 | c84e 8d74 | f500 c348 | 8b4d d041 | 0fb7 5501 
  0x000002a5d26f98c0: 488b 4930 | 6bd2 1848 | 8d4c 1108 | 488b 1948 | 8b5b 0848 | 8b5b 0848 | 8b5b 1880 | bb20 0100 
  0x000002a5d26f98e0: 0005 0f84 | 0d00 0000 | 4c3b bb30 | 0100 000f | 851a ffff | ff0f b651 | 1548 8b19 | 4c89 6dc0 
  0x000002a5d26f9900: 448b ea0f | b651 1449 | bac0 0c92 | 6cfa 7f00 | 0049 8b14 | d252 418b | d54c 8b6d | c048 8b45 
  0x000002a5d26f9920: d848 85c0 | 0f84 1200 | 0000 4883 | 4008 0148 | 8358 0800 | 4883 c010 | 4889 45d8 | 488b 45d8 
  0x000002a5d26f9940: 4885 c00f | 8423 0100 | 0080 78f0 | 0a0f 8519 | 0100 0048 | 83c0 084c | 8b68 f841 | 83ed 0041 
  0x000002a5d26f9960: 83fd 020f | 8cf8 0000 | 004c 8b6b | 0845 0fb7 | 6d2e 4c2b | 2841 83ed | 014e 8b6c | ec08 4d85 
  0x000002a5d26f9980: ed75 0ef6 | 4008 0175 | 4bf0 4883 | 4808 01eb | 4345 8b6d | 084d 8bd5 | 4c33 6808 | 49f7 c5fc 
  0x000002a5d26f99a0: ffff ff74 | 2f41 f6c5 | 0275 2948 | 8378 0800 | 741e 4883 | 7808 0174 | 174d 8bea | 4c33 6808 
  0x000002a5d26f99c0: 49f7 c5fc | ffff ff74 | 0b48 8348 | 0802 eb04 | 4c89 6808 | 4883 c010 | 4c8b 68e8 | 4183 ed02 
  0x000002a5d26f99e0: 4183 fd02 | 0f8c 7700 | 0000 4c8b | 6b08 450f | b76d 2e4c | 2b28 4183 | ed01 4e8b | 6cec 084d 
  0x000002a5d26f9a00: 85ed 750e | f640 0801 | 754b f048 | 8348 0801 | eb43 458b | 6d08 4d8b | d54c 3368 | 0849 f7c5 
  0x000002a5d26f9a20: fcff ffff | 742f 41f6 | c502 7529 | 4883 7808 | 0074 1e48 | 8378 0801 | 7417 4d8b | ea4c 3368 
  0x000002a5d26f9a40: 0849 f7c5 | fcff ffff | 740b 4883 | 4808 02eb | 044c 8968 | 0848 83c0 | 104c 8b68 | d841 83ed 
  0x000002a5d26f9a60: 0441 c1e5 | 0349 03c5 | 4889 45d8 | 4c8d 6c24 | 0849 8bcd | 482b cd48 | c1f9 0348 | 894d f0ff 
  0x000002a5d26f9a80: 6350 660f | 1f44 0000 
[/MachCode]

---------------  P R O C E S S  ---------------

Threads class SMR info:
_java_thread_list=0x000002a5df693910, length=9, elements={
0x000002a5c54a4ef0, 0x000002a5df6ab220, 0x000002a5df6ab9c0, 0x000002a5df6ad590,
0x000002a5df6adc00, 0x000002a5df6ae790, 0x000002a5df6b3450, 0x000002a5df697520,
0x000002a5df6b5ad0
}

Java Threads: ( => current thread )
=>0x000002a5c54a4ef0 JavaThread "main"                              [_thread_in_vm, id=218664, stack(0x000000c570100000,0x000000c570200000) (1024K)]
  0x000002a5df6ab220 JavaThread "Reference Handler"          daemon [_thread_blocked, id=231052, stack(0x000000c570900000,0x000000c570a00000) (1024K)]
  0x000002a5df6ab9c0 JavaThread "Finalizer"                  daemon [_thread_blocked, id=202856, stack(0x000000c570a00000,0x000000c570b00000) (1024K)]
  0x000002a5df6ad590 JavaThread "Signal Dispatcher"          daemon [_thread_blocked, id=226672, stack(0x000000c570b00000,0x000000c570c00000) (1024K)]
  0x000002a5df6adc00 JavaThread "Attach Listener"            daemon [_thread_blocked, id=209028, stack(0x000000c570c00000,0x000000c570d00000) (1024K)]
  0x000002a5df6ae790 JavaThread "Service Thread"             daemon [_thread_blocked, id=231140, stack(0x000000c570d00000,0x000000c570e00000) (1024K)]
  0x000002a5df6b3450 JavaThread "Monitor Deflation Thread"   daemon [_thread_blocked, id=227492, stack(0x000000c570e00000,0x000000c570f00000) (1024K)]
  0x000002a5df697520 JavaThread "C2 CompilerThread0"         daemon [_thread_blocked, id=224500, stack(0x000000c570f00000,0x000000c571000000) (1024K)]
  0x000002a5df6b5ad0 JavaThread "C1 CompilerThread0"         daemon [_thread_blocked, id=230604, stack(0x000000c571000000,0x000000c571100000) (1024K)]
Total: 9

Other Threads:
  0x000002a5df5f0870 VMThread "VM Thread"                           [id=229092, stack(0x000000c570800000,0x000000c570900000) (1024K)]
  0x000002a5df59ccf0 WatcherThread "VM Periodic Task Thread"        [id=230076, stack(0x000000c570700000,0x000000c570800000) (1024K)]
  0x000002a5c772f120 WorkerThread "GC Thread#0"                     [id=184532, stack(0x000000c570200000,0x000000c570300000) (1024K)]
  0x000002a5c7742170 ConcurrentGCThread "G1 Main Marker"            [id=213848, stack(0x000000c570300000,0x000000c570400000) (1024K)]
  0x000002a5c7742c80 WorkerThread "G1 Conc#0"                       [id=227708, stack(0x000000c570400000,0x000000c570500000) (1024K)]
  0x000002a5c777e540 ConcurrentGCThread "G1 Refine#0"               [id=223776, stack(0x000000c570500000,0x000000c570600000) (1024K)]
  0x000002a5df46f330 ConcurrentGCThread "G1 Service"                [id=232428, stack(0x000000c570600000,0x000000c570700000) (1024K)]
Total: 7

Threads with active compile tasks:
Total: 0

VM state: not at safepoint (normal execution)

VM Mutex/Monitor currently owned by a thread:  ([mutex/lock_event])
[0x00007ffa6c90ef00] Metaspace_lock - owner thread: 0x000002a5c54a4ef0

Heap address: 0x0000000084800000, size: 1976 MB, Compressed Oops mode: 32-bit

CDS archive(s) not mapped
Compressed class space mapped at: 0x000000003c000000-0x000000007c000000, reserved size: 1073741824
Narrow klass base: 0x0000000000000000, Narrow klass shift: 0, Narrow klass range: 0x7c000000

GC Precious Log:
 CardTable entry size: 512
 Card Set container configuration: InlinePtr #cards 5 size 8 Array Of Cards #cards 12 size 40 Howl #buckets 4 coarsen threshold 1843 Howl Bitmap #cards 512 size 80 coarsen threshold 460 Card regions per heap region 1 cards per card region 2048
 CPUs: 8 total, 8 available
 Memory: 7896M
 Large Page Support: Disabled
 NUMA Support: Disabled
 Compressed Oops: Enabled (32-bit)
 Heap Region Size: 1M
 Heap Min Capacity: 8M
 Heap Initial Capacity: 124M
 Heap Max Capacity: 1976M
 Pre-touch: Disabled
 Parallel Workers: 8
 Concurrent Workers: 2
 Concurrent Refinement Workers: 8
 Periodic GC: Disabled

Heap:
 garbage-first heap   total reserved 2023424K, committed 126976K, used 0K [0x0000000084800000, 0x0000000100000000)
  region size 1024K, 1 young (1024K), 0 survivors (0K)
 Metaspace       used 2971K, committed 3008K, reserved 1114112K
  class space    used 223K, committed 256K, reserved 1048576K

Heap Regions: E=young(eden), S=young(survivor), O=old, HS=humongous(starts), HC=humongous(continues), CS=collection set, F=free, TAMS=top-at-mark-start, PB=parsable bottom
|   0|0x0000000084800000, 0x0000000084800000, 0x0000000084900000|  0%| F|  |TAMS 0x0000000084800000| PB 0x0000000084800000| Untracked |  0
|   1|0x0000000084900000, 0x0000000084900000, 0x0000000084a00000|  0%| F|  |TAMS 0x0000000084900000| PB 0x0000000084900000| Untracked |  0
|   2|0x0000000084a00000, 0x0000000084a00000, 0x0000000084b00000|  0%| F|  |TAMS 0x0000000084a00000| PB 0x0000000084a00000| Untracked |  0
|   3|0x0000000084b00000, 0x0000000084b00000, 0x0000000084c00000|  0%| F|  |TAMS 0x0000000084b00000| PB 0x0000000084b00000| Untracked |  0
|   4|0x0000000084c00000, 0x0000000084c00000, 0x0000000084d00000|  0%| F|  |TAMS 0x0000000084c00000| PB 0x0000000084c00000| Untracked |  0
|   5|0x0000000084d00000, 0x0000000084d00000, 0x0000000084e00000|  0%| F|  |TAMS 0x0000000084d00000| PB 0x0000000084d00000| Untracked |  0
|   6|0x0000000084e00000, 0x0000000084e00000, 0x0000000084f00000|  0%| F|  |TAMS 0x0000000084e00000| PB 0x0000000084e00000| Untracked |  0
|   7|0x0000000084f00000, 0x0000000084f00000, 0x0000000085000000|  0%| F|  |TAMS 0x0000000084f00000| PB 0x0000000084f00000| Untracked |  0
|   8|0x0000000085000000, 0x0000000085000000, 0x0000000085100000|  0%| F|  |TAMS 0x0000000085000000| PB 0x0000000085000000| Untracked |  0
|   9|0x0000000085100000, 0x0000000085100000, 0x0000000085200000|  0%| F|  |TAMS 0x0000000085100000| PB 0x0000000085100000| Untracked |  0
|  10|0x0000000085200000, 0x0000000085200000, 0x0000000085300000|  0%| F|  |TAMS 0x0000000085200000| PB 0x0000000085200000| Untracked |  0
|  11|0x0000000085300000, 0x0000000085300000, 0x0000000085400000|  0%| F|  |TAMS 0x0000000085300000| PB 0x0000000085300000| Untracked |  0
|  12|0x0000000085400000, 0x0000000085400000, 0x0000000085500000|  0%| F|  |TAMS 0x0000000085400000| PB 0x0000000085400000| Untracked |  0
|  13|0x0000000085500000, 0x0000000085500000, 0x0000000085600000|  0%| F|  |TAMS 0x0000000085500000| PB 0x0000000085500000| Untracked |  0
|  14|0x0000000085600000, 0x0000000085600000, 0x0000000085700000|  0%| F|  |TAMS 0x0000000085600000| PB 0x0000000085600000| Untracked |  0
|  15|0x0000000085700000, 0x0000000085700000, 0x0000000085800000|  0%| F|  |TAMS 0x0000000085700000| PB 0x0000000085700000| Untracked |  0
|  16|0x0000000085800000, 0x0000000085800000, 0x0000000085900000|  0%| F|  |TAMS 0x0000000085800000| PB 0x0000000085800000| Untracked |  0
|  17|0x0000000085900000, 0x0000000085900000, 0x0000000085a00000|  0%| F|  |TAMS 0x0000000085900000| PB 0x0000000085900000| Untracked |  0
|  18|0x0000000085a00000, 0x0000000085a00000, 0x0000000085b00000|  0%| F|  |TAMS 0x0000000085a00000| PB 0x0000000085a00000| Untracked |  0
|  19|0x0000000085b00000, 0x0000000085b00000, 0x0000000085c00000|  0%| F|  |TAMS 0x0000000085b00000| PB 0x0000000085b00000| Untracked |  0
|  20|0x0000000085c00000, 0x0000000085c00000, 0x0000000085d00000|  0%| F|  |TAMS 0x0000000085c00000| PB 0x0000000085c00000| Untracked |  0
|  21|0x0000000085d00000, 0x0000000085d00000, 0x0000000085e00000|  0%| F|  |TAMS 0x0000000085d00000| PB 0x0000000085d00000| Untracked |  0
|  22|0x0000000085e00000, 0x0000000085e00000, 0x0000000085f00000|  0%| F|  |TAMS 0x0000000085e00000| PB 0x0000000085e00000| Untracked |  0
|  23|0x0000000085f00000, 0x0000000085f00000, 0x0000000086000000|  0%| F|  |TAMS 0x0000000085f00000| PB 0x0000000085f00000| Untracked |  0
|  24|0x0000000086000000, 0x0000000086000000, 0x0000000086100000|  0%| F|  |TAMS 0x0000000086000000| PB 0x0000000086000000| Untracked |  0
|  25|0x0000000086100000, 0x0000000086100000, 0x0000000086200000|  0%| F|  |TAMS 0x0000000086100000| PB 0x0000000086100000| Untracked |  0
|  26|0x0000000086200000, 0x0000000086200000, 0x0000000086300000|  0%| F|  |TAMS 0x0000000086200000| PB 0x0000000086200000| Untracked |  0
|  27|0x0000000086300000, 0x0000000086300000, 0x0000000086400000|  0%| F|  |TAMS 0x0000000086300000| PB 0x0000000086300000| Untracked |  0
|  28|0x0000000086400000, 0x0000000086400000, 0x0000000086500000|  0%| F|  |TAMS 0x0000000086400000| PB 0x0000000086400000| Untracked |  0
|  29|0x0000000086500000, 0x0000000086500000, 0x0000000086600000|  0%| F|  |TAMS 0x0000000086500000| PB 0x0000000086500000| Untracked |  0
|  30|0x0000000086600000, 0x0000000086600000, 0x0000000086700000|  0%| F|  |TAMS 0x0000000086600000| PB 0x0000000086600000| Untracked |  0
|  31|0x0000000086700000, 0x0000000086700000, 0x0000000086800000|  0%| F|  |TAMS 0x0000000086700000| PB 0x0000000086700000| Untracked |  0
|  32|0x0000000086800000, 0x0000000086800000, 0x0000000086900000|  0%| F|  |TAMS 0x0000000086800000| PB 0x0000000086800000| Untracked |  0
|  33|0x0000000086900000, 0x0000000086900000, 0x0000000086a00000|  0%| F|  |TAMS 0x0000000086900000| PB 0x0000000086900000| Untracked |  0
|  34|0x0000000086a00000, 0x0000000086a00000, 0x0000000086b00000|  0%| F|  |TAMS 0x0000000086a00000| PB 0x0000000086a00000| Untracked |  0
|  35|0x0000000086b00000, 0x0000000086b00000, 0x0000000086c00000|  0%| F|  |TAMS 0x0000000086b00000| PB 0x0000000086b00000| Untracked |  0
|  36|0x0000000086c00000, 0x0000000086c00000, 0x0000000086d00000|  0%| F|  |TAMS 0x0000000086c00000| PB 0x0000000086c00000| Untracked |  0
|  37|0x0000000086d00000, 0x0000000086d00000, 0x0000000086e00000|  0%| F|  |TAMS 0x0000000086d00000| PB 0x0000000086d00000| Untracked |  0
|  38|0x0000000086e00000, 0x0000000086e00000, 0x0000000086f00000|  0%| F|  |TAMS 0x0000000086e00000| PB 0x0000000086e00000| Untracked |  0
|  39|0x0000000086f00000, 0x0000000086f00000, 0x0000000087000000|  0%| F|  |TAMS 0x0000000086f00000| PB 0x0000000086f00000| Untracked |  0
|  40|0x0000000087000000, 0x0000000087000000, 0x0000000087100000|  0%| F|  |TAMS 0x0000000087000000| PB 0x0000000087000000| Untracked |  0
|  41|0x0000000087100000, 0x0000000087100000, 0x0000000087200000|  0%| F|  |TAMS 0x0000000087100000| PB 0x0000000087100000| Untracked |  0
|  42|0x0000000087200000, 0x0000000087200000, 0x0000000087300000|  0%| F|  |TAMS 0x0000000087200000| PB 0x0000000087200000| Untracked |  0
|  43|0x0000000087300000, 0x0000000087300000, 0x0000000087400000|  0%| F|  |TAMS 0x0000000087300000| PB 0x0000000087300000| Untracked |  0
|  44|0x0000000087400000, 0x0000000087400000, 0x0000000087500000|  0%| F|  |TAMS 0x0000000087400000| PB 0x0000000087400000| Untracked |  0
|  45|0x0000000087500000, 0x0000000087500000, 0x0000000087600000|  0%| F|  |TAMS 0x0000000087500000| PB 0x0000000087500000| Untracked |  0
|  46|0x0000000087600000, 0x0000000087600000, 0x0000000087700000|  0%| F|  |TAMS 0x0000000087600000| PB 0x0000000087600000| Untracked |  0
|  47|0x0000000087700000, 0x0000000087700000, 0x0000000087800000|  0%| F|  |TAMS 0x0000000087700000| PB 0x0000000087700000| Untracked |  0
|  48|0x0000000087800000, 0x0000000087800000, 0x0000000087900000|  0%| F|  |TAMS 0x0000000087800000| PB 0x0000000087800000| Untracked |  0
|  49|0x0000000087900000, 0x0000000087900000, 0x0000000087a00000|  0%| F|  |TAMS 0x0000000087900000| PB 0x0000000087900000| Untracked |  0
|  50|0x0000000087a00000, 0x0000000087a00000, 0x0000000087b00000|  0%| F|  |TAMS 0x0000000087a00000| PB 0x0000000087a00000| Untracked |  0
|  51|0x0000000087b00000, 0x0000000087b00000, 0x0000000087c00000|  0%| F|  |TAMS 0x0000000087b00000| PB 0x0000000087b00000| Untracked |  0
|  52|0x0000000087c00000, 0x0000000087c00000, 0x0000000087d00000|  0%| F|  |TAMS 0x0000000087c00000| PB 0x0000000087c00000| Untracked |  0
|  53|0x0000000087d00000, 0x0000000087d00000, 0x0000000087e00000|  0%| F|  |TAMS 0x0000000087d00000| PB 0x0000000087d00000| Untracked |  0
|  54|0x0000000087e00000, 0x0000000087e00000, 0x0000000087f00000|  0%| F|  |TAMS 0x0000000087e00000| PB 0x0000000087e00000| Untracked |  0
|  55|0x0000000087f00000, 0x0000000087f00000, 0x0000000088000000|  0%| F|  |TAMS 0x0000000087f00000| PB 0x0000000087f00000| Untracked |  0
|  56|0x0000000088000000, 0x0000000088000000, 0x0000000088100000|  0%| F|  |TAMS 0x0000000088000000| PB 0x0000000088000000| Untracked |  0
|  57|0x0000000088100000, 0x0000000088100000, 0x0000000088200000|  0%| F|  |TAMS 0x0000000088100000| PB 0x0000000088100000| Untracked |  0
|  58|0x0000000088200000, 0x0000000088200000, 0x0000000088300000|  0%| F|  |TAMS 0x0000000088200000| PB 0x0000000088200000| Untracked |  0
|  59|0x0000000088300000, 0x0000000088300000, 0x0000000088400000|  0%| F|  |TAMS 0x0000000088300000| PB 0x0000000088300000| Untracked |  0
|  60|0x0000000088400000, 0x0000000088400000, 0x0000000088500000|  0%| F|  |TAMS 0x0000000088400000| PB 0x0000000088400000| Untracked |  0
|  61|0x0000000088500000, 0x0000000088500000, 0x0000000088600000|  0%| F|  |TAMS 0x0000000088500000| PB 0x0000000088500000| Untracked |  0
|  62|0x0000000088600000, 0x0000000088600000, 0x0000000088700000|  0%| F|  |TAMS 0x0000000088600000| PB 0x0000000088600000| Untracked |  0
|  63|0x0000000088700000, 0x0000000088700000, 0x0000000088800000|  0%| F|  |TAMS 0x0000000088700000| PB 0x0000000088700000| Untracked |  0
|  64|0x0000000088800000, 0x0000000088800000, 0x0000000088900000|  0%| F|  |TAMS 0x0000000088800000| PB 0x0000000088800000| Untracked |  0
|  65|0x0000000088900000, 0x0000000088900000, 0x0000000088a00000|  0%| F|  |TAMS 0x0000000088900000| PB 0x0000000088900000| Untracked |  0
|  66|0x0000000088a00000, 0x0000000088a00000, 0x0000000088b00000|  0%| F|  |TAMS 0x0000000088a00000| PB 0x0000000088a00000| Untracked |  0
|  67|0x0000000088b00000, 0x0000000088b00000, 0x0000000088c00000|  0%| F|  |TAMS 0x0000000088b00000| PB 0x0000000088b00000| Untracked |  0
|  68|0x0000000088c00000, 0x0000000088c00000, 0x0000000088d00000|  0%| F|  |TAMS 0x0000000088c00000| PB 0x0000000088c00000| Untracked |  0
|  69|0x0000000088d00000, 0x0000000088d00000, 0x0000000088e00000|  0%| F|  |TAMS 0x0000000088d00000| PB 0x0000000088d00000| Untracked |  0
|  70|0x0000000088e00000, 0x0000000088e00000, 0x0000000088f00000|  0%| F|  |TAMS 0x0000000088e00000| PB 0x0000000088e00000| Untracked |  0
|  71|0x0000000088f00000, 0x0000000088f00000, 0x0000000089000000|  0%| F|  |TAMS 0x0000000088f00000| PB 0x0000000088f00000| Untracked |  0
|  72|0x0000000089000000, 0x0000000089000000, 0x0000000089100000|  0%| F|  |TAMS 0x0000000089000000| PB 0x0000000089000000| Untracked |  0
|  73|0x0000000089100000, 0x0000000089100000, 0x0000000089200000|  0%| F|  |TAMS 0x0000000089100000| PB 0x0000000089100000| Untracked |  0
|  74|0x0000000089200000, 0x0000000089200000, 0x0000000089300000|  0%| F|  |TAMS 0x0000000089200000| PB 0x0000000089200000| Untracked |  0
|  75|0x0000000089300000, 0x0000000089300000, 0x0000000089400000|  0%| F|  |TAMS 0x0000000089300000| PB 0x0000000089300000| Untracked |  0
|  76|0x0000000089400000, 0x0000000089400000, 0x0000000089500000|  0%| F|  |TAMS 0x0000000089400000| PB 0x0000000089400000| Untracked |  0
|  77|0x0000000089500000, 0x0000000089500000, 0x0000000089600000|  0%| F|  |TAMS 0x0000000089500000| PB 0x0000000089500000| Untracked |  0
|  78|0x0000000089600000, 0x0000000089600000, 0x0000000089700000|  0%| F|  |TAMS 0x0000000089600000| PB 0x0000000089600000| Untracked |  0
|  79|0x0000000089700000, 0x0000000089700000, 0x0000000089800000|  0%| F|  |TAMS 0x0000000089700000| PB 0x0000000089700000| Untracked |  0
|  80|0x0000000089800000, 0x0000000089800000, 0x0000000089900000|  0%| F|  |TAMS 0x0000000089800000| PB 0x0000000089800000| Untracked |  0
|  81|0x0000000089900000, 0x0000000089900000, 0x0000000089a00000|  0%| F|  |TAMS 0x0000000089900000| PB 0x0000000089900000| Untracked |  0
|  82|0x0000000089a00000, 0x0000000089a00000, 0x0000000089b00000|  0%| F|  |TAMS 0x0000000089a00000| PB 0x0000000089a00000| Untracked |  0
|  83|0x0000000089b00000, 0x0000000089b00000, 0x0000000089c00000|  0%| F|  |TAMS 0x0000000089b00000| PB 0x0000000089b00000| Untracked |  0
|  84|0x0000000089c00000, 0x0000000089c00000, 0x0000000089d00000|  0%| F|  |TAMS 0x0000000089c00000| PB 0x0000000089c00000| Untracked |  0
|  85|0x0000000089d00000, 0x0000000089d00000, 0x0000000089e00000|  0%| F|  |TAMS 0x0000000089d00000| PB 0x0000000089d00000| Untracked |  0
|  86|0x0000000089e00000, 0x0000000089e00000, 0x0000000089f00000|  0%| F|  |TAMS 0x0000000089e00000| PB 0x0000000089e00000| Untracked |  0
|  87|0x0000000089f00000, 0x0000000089f00000, 0x000000008a000000|  0%| F|  |TAMS 0x0000000089f00000| PB 0x0000000089f00000| Untracked |  0
|  88|0x000000008a000000, 0x000000008a000000, 0x000000008a100000|  0%| F|  |TAMS 0x000000008a000000| PB 0x000000008a000000| Untracked |  0
|  89|0x000000008a100000, 0x000000008a100000, 0x000000008a200000|  0%| F|  |TAMS 0x000000008a100000| PB 0x000000008a100000| Untracked |  0
|  90|0x000000008a200000, 0x000000008a200000, 0x000000008a300000|  0%| F|  |TAMS 0x000000008a200000| PB 0x000000008a200000| Untracked |  0
|  91|0x000000008a300000, 0x000000008a300000, 0x000000008a400000|  0%| F|  |TAMS 0x000000008a300000| PB 0x000000008a300000| Untracked |  0
|  92|0x000000008a400000, 0x000000008a400000, 0x000000008a500000|  0%| F|  |TAMS 0x000000008a400000| PB 0x000000008a400000| Untracked |  0
|  93|0x000000008a500000, 0x000000008a500000, 0x000000008a600000|  0%| F|  |TAMS 0x000000008a500000| PB 0x000000008a500000| Untracked |  0
|  94|0x000000008a600000, 0x000000008a600000, 0x000000008a700000|  0%| F|  |TAMS 0x000000008a600000| PB 0x000000008a600000| Untracked |  0
|  95|0x000000008a700000, 0x000000008a700000, 0x000000008a800000|  0%| F|  |TAMS 0x000000008a700000| PB 0x000000008a700000| Untracked |  0
|  96|0x000000008a800000, 0x000000008a800000, 0x000000008a900000|  0%| F|  |TAMS 0x000000008a800000| PB 0x000000008a800000| Untracked |  0
|  97|0x000000008a900000, 0x000000008a900000, 0x000000008aa00000|  0%| F|  |TAMS 0x000000008a900000| PB 0x000000008a900000| Untracked |  0
|  98|0x000000008aa00000, 0x000000008aa00000, 0x000000008ab00000|  0%| F|  |TAMS 0x000000008aa00000| PB 0x000000008aa00000| Untracked |  0
|  99|0x000000008ab00000, 0x000000008ab00000, 0x000000008ac00000|  0%| F|  |TAMS 0x000000008ab00000| PB 0x000000008ab00000| Untracked |  0
| 100|0x000000008ac00000, 0x000000008ac00000, 0x000000008ad00000|  0%| F|  |TAMS 0x000000008ac00000| PB 0x000000008ac00000| Untracked |  0
| 101|0x000000008ad00000, 0x000000008ad00000, 0x000000008ae00000|  0%| F|  |TAMS 0x000000008ad00000| PB 0x000000008ad00000| Untracked |  0
| 102|0x000000008ae00000, 0x000000008ae00000, 0x000000008af00000|  0%| F|  |TAMS 0x000000008ae00000| PB 0x000000008ae00000| Untracked |  0
| 103|0x000000008af00000, 0x000000008af00000, 0x000000008b000000|  0%| F|  |TAMS 0x000000008af00000| PB 0x000000008af00000| Untracked |  0
| 104|0x000000008b000000, 0x000000008b000000, 0x000000008b100000|  0%| F|  |TAMS 0x000000008b000000| PB 0x000000008b000000| Untracked |  0
| 105|0x000000008b100000, 0x000000008b100000, 0x000000008b200000|  0%| F|  |TAMS 0x000000008b100000| PB 0x000000008b100000| Untracked |  0
| 106|0x000000008b200000, 0x000000008b200000, 0x000000008b300000|  0%| F|  |TAMS 0x000000008b200000| PB 0x000000008b200000| Untracked |  0
| 107|0x000000008b300000, 0x000000008b300000, 0x000000008b400000|  0%| F|  |TAMS 0x000000008b300000| PB 0x000000008b300000| Untracked |  0
| 108|0x000000008b400000, 0x000000008b400000, 0x000000008b500000|  0%| F|  |TAMS 0x000000008b400000| PB 0x000000008b400000| Untracked |  0
| 109|0x000000008b500000, 0x000000008b500000, 0x000000008b600000|  0%| F|  |TAMS 0x000000008b500000| PB 0x000000008b500000| Untracked |  0
| 110|0x000000008b600000, 0x000000008b600000, 0x000000008b700000|  0%| F|  |TAMS 0x000000008b600000| PB 0x000000008b600000| Untracked |  0
| 111|0x000000008b700000, 0x000000008b700000, 0x000000008b800000|  0%| F|  |TAMS 0x000000008b700000| PB 0x000000008b700000| Untracked |  0
| 112|0x000000008b800000, 0x000000008b800000, 0x000000008b900000|  0%| F|  |TAMS 0x000000008b800000| PB 0x000000008b800000| Untracked |  0
| 113|0x000000008b900000, 0x000000008b900000, 0x000000008ba00000|  0%| F|  |TAMS 0x000000008b900000| PB 0x000000008b900000| Untracked |  0
| 114|0x000000008ba00000, 0x000000008ba00000, 0x000000008bb00000|  0%| F|  |TAMS 0x000000008ba00000| PB 0x000000008ba00000| Untracked |  0
| 115|0x000000008bb00000, 0x000000008bb00000, 0x000000008bc00000|  0%| F|  |TAMS 0x000000008bb00000| PB 0x000000008bb00000| Untracked |  0
| 116|0x000000008bc00000, 0x000000008bc00000, 0x000000008bd00000|  0%| F|  |TAMS 0x000000008bc00000| PB 0x000000008bc00000| Untracked |  0
| 117|0x000000008bd00000, 0x000000008bd00000, 0x000000008be00000|  0%| F|  |TAMS 0x000000008bd00000| PB 0x000000008bd00000| Untracked |  0
| 118|0x000000008be00000, 0x000000008be00000, 0x000000008bf00000|  0%| F|  |TAMS 0x000000008be00000| PB 0x000000008be00000| Untracked |  0
| 119|0x000000008bf00000, 0x000000008bf00000, 0x000000008c000000|  0%| F|  |TAMS 0x000000008bf00000| PB 0x000000008bf00000| Untracked |  0
| 120|0x000000008c000000, 0x000000008c000000, 0x000000008c100000|  0%| F|  |TAMS 0x000000008c000000| PB 0x000000008c000000| Untracked |  0
| 121|0x000000008c100000, 0x000000008c100000, 0x000000008c200000|  0%| F|  |TAMS 0x000000008c100000| PB 0x000000008c100000| Untracked |  0
| 122|0x000000008c200000, 0x000000008c200000, 0x000000008c300000|  0%| F|  |TAMS 0x000000008c200000| PB 0x000000008c200000| Untracked |  0
| 123|0x000000008c300000, 0x000000008c400000, 0x000000008c400000|100%| E|  |TAMS 0x000000008c300000| PB 0x000000008c300000| Complete |  0

Card table byte_map: [0x000002a5da8c0000,0x000002a5daca0000] _byte_map_base: 0x000002a5da49c000

Marking Bits: (CMBitMap*) 0x000002a5c772f830
 Bits: [0x000002a5daca0000, 0x000002a5dcb80000)

Polling page: 0x000002a5c6e80000

Metaspace:

Usage:
  Non-class:      2.68 MB used.
      Class:    223.20 KB used.
       Both:      2.90 MB used.

Virtual space:
  Non-class space:       64.00 MB reserved,       2.69 MB (  4%) committed,  1 nodes.
      Class space:        1.00 GB reserved,     256.00 KB ( <1%) committed,  1 nodes.
             Both:        1.06 GB reserved,       2.94 MB ( <1%) committed. 

Chunk freelists:
   Non-Class:  12.00 MB
       Class:  15.75 MB
        Both:  27.75 MB

MaxMetaspaceSize: unlimited
CompressedClassSpaceSize: 1.00 GB
Initial GC threshold: 21.00 MB
Current GC threshold: 21.00 MB
CDS: off
 - commit_granule_bytes: 65536.
 - commit_granule_words: 8192.
 - virtual_space_node_default_size: 8388608.
 - enlarge_chunks_in_place: 1.
 - use_allocation_guard: 0.


Internal statistics:

num_allocs_failed_limit: 0.
num_arena_births: 2.
num_arena_deaths: 0.
num_vsnodes_births: 2.
num_vsnodes_deaths: 0.
num_space_committed: 47.
num_space_uncommitted: 0.
num_chunks_returned_to_freelist: 0.
num_chunks_taken_from_freelist: 3.
num_chunk_merges: 0.
num_chunk_splits: 2.
num_chunks_enlarged: 0.
num_inconsistent_stats: 0.

CodeHeap 'non-profiled nmethods': size=120000Kb used=0Kb max_used=0Kb free=120000Kb
 bounds [0x000002a5d2c80000, 0x000002a5d2ef0000, 0x000002a5da1b0000]
CodeHeap 'profiled nmethods': size=120000Kb used=1Kb max_used=1Kb free=119998Kb
 bounds [0x000002a5cb1b0000, 0x000002a5cb420000, 0x000002a5d26e0000]
CodeHeap 'non-nmethods': size=5760Kb used=1128Kb max_used=1142Kb free=4631Kb
 bounds [0x000002a5d26e0000, 0x000002a5d2950000, 0x000002a5d2c80000]
 total_blobs=271 nmethods=2 adapters=175
 compilation: enabled
              stopped_count=0, restarted_count=0
 full_count=0

Compilation events (4 events):
Event: 0.187 Thread 0x000002a5df6b5ad0    1       3       jdk.internal.util.ArraysSupport::signedHashCode (37 bytes)
Event: 0.188 Thread 0x000002a5df6b5ad0 nmethod 1 0x000002a5cb1b0010 code [0x000002a5cb1b01c0, 0x000002a5cb1b0390]
Event: 0.188 Thread 0x000002a5df6b5ad0    2       3       java.lang.Object::<init> (1 bytes)
Event: 0.189 Thread 0x000002a5df6b5ad0 nmethod 2 0x000002a5cb1b0490 code [0x000002a5cb1b0620, 0x000002a5cb1b0728]

GC Heap History (0 events):
No events

Dll operation events (2 events):
Event: 0.026 Loaded shared library C:\Users\kavur\.p2\pool\plugins\org.eclipse.justj.openjdk.hotspot.jre.full.win32.x86_64_22.0.2.v20240802-1626\jre\bin\java.dll
Event: 0.042 Loaded shared library C:\Users\kavur\.p2\pool\plugins\org.eclipse.justj.openjdk.hotspot.jre.full.win32.x86_64_22.0.2.v20240802-1626\jre\bin\zip.dll

Deoptimization events (0 events):
No events

Classes loaded (20 events):
Event: 0.186 Loading class java/lang/invoke/MethodHandleStatics done
Event: 0.186 Loading class java/lang/reflect/ClassFileFormatVersion
Event: 0.186 Loading class java/lang/reflect/ClassFileFormatVersion done
Event: 0.186 Loading class sun/security/action/GetPropertyAction
Event: 0.187 Loading class sun/security/action/GetPropertyAction done
Event: 0.187 Loading class jdk/internal/util/ClassFileDumper
Event: 0.187 Loading class jdk/internal/util/ClassFileDumper done
Event: 0.187 Loading class java/util/HexFormat
Event: 0.188 Loading class java/util/HexFormat done
Event: 0.188 Loading class java/util/HexFormat$Case
Event: 0.188 Loading class java/util/HexFormat$Case done
Event: 0.188 Loading class java/lang/Character$CharacterCache
Event: 0.188 Loading class java/lang/Character$CharacterCache done
Event: 0.188 Loading class java/util/concurrent/atomic/AtomicInteger
Event: 0.189 Loading class java/util/concurrent/atomic/AtomicInteger done
Event: 0.189 Loading class jdk/internal/module/ModuleBootstrap
Event: 0.190 Loading class jdk/internal/module/ModuleBootstrap done
Event: 0.190 Loading class java/lang/module/ModuleDescriptor
Event: 0.191 Loading class java/lang/module/ModuleDescriptor done
Event: 0.191 Loading class java/lang/invoke/MethodHandles

Classes unloaded (0 events):
No events

Classes redefined (0 events):
No events

Internal exceptions (0 events):
No events

ZGC Phase Switch (0 events):
No events

VM Operations (0 events):
No events

Memory protections (0 events):
No events

Nmethod flushes (0 events):
No events

Events (9 events):
Event: 0.038 Thread 0x000002a5c54a4ef0 Thread added: 0x000002a5c54a4ef0
Event: 0.181 Thread 0x000002a5c54a4ef0 Thread added: 0x000002a5df6ab220
Event: 0.181 Thread 0x000002a5c54a4ef0 Thread added: 0x000002a5df6ab9c0
Event: 0.184 Thread 0x000002a5c54a4ef0 Thread added: 0x000002a5df6ad590
Event: 0.184 Thread 0x000002a5c54a4ef0 Thread added: 0x000002a5df6adc00
Event: 0.185 Thread 0x000002a5c54a4ef0 Thread added: 0x000002a5df6ae790
Event: 0.185 Thread 0x000002a5c54a4ef0 Thread added: 0x000002a5df6b3450
Event: 0.185 Thread 0x000002a5c54a4ef0 Thread added: 0x000002a5df697520
Event: 0.185 Thread 0x000002a5c54a4ef0 Thread added: 0x000002a5df6b5ad0


Dynamic libraries:
0x00007ff79cb00000 - 0x00007ff79cb0e000 	C:\Users\kavur\.p2\pool\plugins\org.eclipse.justj.openjdk.hotspot.jre.full.win32.x86_64_22.0.2.v20240802-1626\jre\bin\javaw.exe
0x00007ffb04470000 - 0x00007ffb04687000 	C:\Windows\SYSTEM32\ntdll.dll
0x00007ffb03060000 - 0x00007ffb03124000 	C:\Windows\System32\KERNEL32.DLL
0x00007ffb01d20000 - 0x00007ffb020f2000 	C:\Windows\System32\KERNELBASE.dll
0x00007ffb01560000 - 0x00007ffb01671000 	C:\Windows\System32\ucrtbase.dll
0x00007ffac5d10000 - 0x00007ffac5d27000 	C:\Users\kavur\.p2\pool\plugins\org.eclipse.justj.openjdk.hotspot.jre.full.win32.x86_64_22.0.2.v20240802-1626\jre\bin\jli.dll
0x00007ffac5c90000 - 0x00007ffac5cab000 	C:\Users\kavur\.p2\pool\plugins\org.eclipse.justj.openjdk.hotspot.jre.full.win32.x86_64_22.0.2.v20240802-1626\jre\bin\VCRUNTIME140.dll
0x00007ffb038c0000 - 0x00007ffb03a71000 	C:\Windows\System32\USER32.dll
0x00007ffb01a80000 - 0x00007ffb01aa6000 	C:\Windows\System32\win32u.dll
0x00007ffaefc40000 - 0x00007ffaefedb000 	C:\Windows\WinSxS\amd64_microsoft.windows.common-controls_6595b64144ccf1df_6.0.22621.5547_none_27104afb73855772\COMCTL32.dll
0x00007ffb04190000 - 0x00007ffb041b9000 	C:\Windows\System32\GDI32.dll
0x00007ffb02280000 - 0x00007ffb02327000 	C:\Windows\System32\msvcrt.dll
0x00007ffb01bf0000 - 0x00007ffb01d13000 	C:\Windows\System32\gdi32full.dll
0x00007ffb01680000 - 0x00007ffb0171a000 	C:\Windows\System32\msvcp_win.dll
0x00007ffb03f10000 - 0x00007ffb03f41000 	C:\Windows\System32\IMM32.DLL
0x00007ffaeece0000 - 0x00007ffaeecec000 	C:\Users\kavur\.p2\pool\plugins\org.eclipse.justj.openjdk.hotspot.jre.full.win32.x86_64_22.0.2.v20240802-1626\jre\bin\vcruntime140_1.dll
0x00007ffabc110000 - 0x00007ffabc19e000 	C:\Users\kavur\.p2\pool\plugins\org.eclipse.justj.openjdk.hotspot.jre.full.win32.x86_64_22.0.2.v20240802-1626\jre\bin\msvcp140.dll
0x00007ffa6bc30000 - 0x00007ffa6c9f3000 	C:\Users\kavur\.p2\pool\plugins\org.eclipse.justj.openjdk.hotspot.jre.full.win32.x86_64_22.0.2.v20240802-1626\jre\bin\server\jvm.dll
0x00007ffb042f0000 - 0x00007ffb043a1000 	C:\Windows\System32\ADVAPI32.dll
0x00007ffb03130000 - 0x00007ffb031d8000 	C:\Windows\System32\sechost.dll
0x00007ffb019d0000 - 0x00007ffb019f8000 	C:\Windows\System32\bcrypt.dll
0x00007ffb037a0000 - 0x00007ffb038b4000 	C:\Windows\System32\RPCRT4.dll
0x00007ffb02340000 - 0x00007ffb023b1000 	C:\Windows\System32\WS2_32.dll
0x00007ffaee070000 - 0x00007ffaee07a000 	C:\Windows\SYSTEM32\VERSION.dll
0x00007ffb01430000 - 0x00007ffb0147d000 	C:\Windows\SYSTEM32\POWRPROF.dll
0x00007ffaf8af0000 - 0x00007ffaf8b24000 	C:\Windows\SYSTEM32\WINMM.dll
0x00007ffb01410000 - 0x00007ffb01423000 	C:\Windows\SYSTEM32\UMPDC.dll
0x00007ffb004f0000 - 0x00007ffb00508000 	C:\Windows\SYSTEM32\kernel.appcore.dll
0x00007ffae3410000 - 0x00007ffae341a000 	C:\Users\kavur\.p2\pool\plugins\org.eclipse.justj.openjdk.hotspot.jre.full.win32.x86_64_22.0.2.v20240802-1626\jre\bin\jimage.dll
0x00007ffafef40000 - 0x00007ffaff173000 	C:\Windows\SYSTEM32\DBGHELP.DLL
0x00007ffb033a0000 - 0x00007ffb03733000 	C:\Windows\System32\combase.dll
0x00007ffb02640000 - 0x00007ffb02717000 	C:\Windows\System32\OLEAUT32.dll
0x00007ffaf60f0000 - 0x00007ffaf6122000 	C:\Windows\SYSTEM32\dbgcore.DLL
0x00007ffb01890000 - 0x00007ffb0190b000 	C:\Windows\System32\bcryptPrimitives.dll
0x00007ffac5b60000 - 0x00007ffac5b7e000 	C:\Users\kavur\.p2\pool\plugins\org.eclipse.justj.openjdk.hotspot.jre.full.win32.x86_64_22.0.2.v20240802-1626\jre\bin\java.dll
0x00007ffb027b0000 - 0x00007ffb03052000 	C:\Windows\System32\SHELL32.dll
0x00007ffb01ab0000 - 0x00007ffb01bef000 	C:\Windows\System32\wintypes.dll
0x00007ffb024a0000 - 0x00007ffb02640000 	C:\Windows\System32\ole32.dll
0x00007ffac4fb0000 - 0x00007ffac4fc7000 	C:\Users\kavur\.p2\pool\plugins\org.eclipse.justj.openjdk.hotspot.jre.full.win32.x86_64_22.0.2.v20240802-1626\jre\bin\zip.dll
0x00007ffaff440000 - 0x00007ffaffd5d000 	C:\Windows\SYSTEM32\windows.storage.dll
0x00007ffb02100000 - 0x00007ffb0220c000 	C:\Windows\System32\SHCORE.dll
0x00007ffb02210000 - 0x00007ffb02279000 	C:\Windows\System32\shlwapi.dll
0x00007ffb01490000 - 0x00007ffb014bb000 	C:\Windows\SYSTEM32\profapi.dll

dbghelp: loaded successfully - version: 4.0.5 - missing functions: none
symbol engine: initialized successfully - sym options: 0x614 - pdb path: .;C:\Users\kavur\.p2\pool\plugins\org.eclipse.justj.openjdk.hotspot.jre.full.win32.x86_64_22.0.2.v20240802-1626\jre\bin;C:\Windows\SYSTEM32;C:\Windows\WinSxS\amd64_microsoft.windows.common-controls_6595b64144ccf1df_6.0.22621.5547_none_27104afb73855772;C:\Users\kavur\.p2\pool\plugins\org.eclipse.justj.openjdk.hotspot.jre.full.win32.x86_64_22.0.2.v20240802-1626\jre\bin\server

VM Arguments:
jvm_args: -Dfile.encoding=UTF-8 -Dstdout.encoding=UTF-8 -Dstderr.encoding=UTF-8 -XX:+ShowCodeDetailsInExceptionMessages 
java_command: com.wipro.orderms.OrdermsApplication
java_class_path (initial): D:\wipro eclipse\orderms\orderms\target\classes;C:\Users\kavur\.m2\repository\org\springframework\boot\spring-boot-starter-data-jpa\3.5.4\spring-boot-starter-data-jpa-3.5.4.jar;C:\Users\kavur\.m2\repository\org\springframework\boot\spring-boot-starter\3.5.4\spring-boot-starter-3.5.4.jar;C:\Users\kavur\.m2\repository\org\springframework\boot\spring-boot-starter-logging\3.5.4\spring-boot-starter-logging-3.5.4.jar;C:\Users\kavur\.m2\repository\ch\qos\logback\logback-classic\1.5.18\logback-classic-1.5.18.jar;C:\Users\kavur\.m2\repository\ch\qos\logback\logback-core\1.5.18\logback-core-1.5.18.jar;C:\Users\kavur\.m2\repository\org\apache\logging\log4j\log4j-to-slf4j\2.24.3\log4j-to-slf4j-2.24.3.jar;C:\Users\kavur\.m2\repository\org\apache\logging\log4j\log4j-api\2.24.3\log4j-api-2.24.3.jar;C:\Users\kavur\.m2\repository\org\slf4j\jul-to-slf4j\2.0.17\jul-to-slf4j-2.0.17.jar;C:\Users\kavur\.m2\repository\jakarta\annotation\jakarta.annotation-api\2.1.1\jakarta.annotation-api-2.1.1.jar;C:\Users\kavur\.m2\repository\org\springframework\boot\spring-boot-starter-jdbc\3.5.4\spring-boot-starter-jdbc-3.5.4.jar;C:\Users\kavur\.m2\repository\com\zaxxer\HikariCP\6.3.1\HikariCP-6.3.1.jar;C:\Users\kavur\.m2\repository\org\springframework\spring-jdbc\6.2.9\spring-jdbc-6.2.9.jar;C:\Users\kavur\.m2\repository\org\hibernate\orm\hibernate-core\6.6.22.Final\hibernate-core-6.6.22.Final.jar;C:\Users\kavur\.m2\repository\jakarta\persistence\jakarta.persistence-api\3.1.0\jakarta.persistence-api-3.1.0.jar;C:\Users\kavur\.m2\repository\jakarta\transaction\jakarta.transaction-api\2.0.1\jakarta.transaction-api-2.0.1.jar;C:\Users\kavur\.m2\repository\org\jboss\logging\jboss-logging\3.6.1.Final\jboss-logging-3.6.1.Final.jar;C:\Users\kavur\.m2\repository\org\hibernate\common\hibernate-commons-annotations\7.0.3.Final\hibernate-commons-annotations-7.0.3.Final.jar;C:\Users\kavur\.m2\repository\io\smallrye\jandex\3.2.0\jandex-3.2.0.jar;C:\Users\kavur\.m2\repository\com\fasterxml\classmate\1.7.0\classmate-1.7.0.jar;C:\Users\kavur\.m2\repository\net\bytebuddy\byte-buddy\1.17.6\byte-buddy-1.17.6.jar;C:\Users\kavur\.m2\repository\org\glassfish\jaxb\jaxb-runtime\4.0.5\jaxb-runtime-4.0.5.jar;C:\Users\kavur\.m2\repository\org\glassfish\jaxb\jaxb-core\4.0.5\jaxb-core-4.0.5.jar;C:\Users\kavur\.m2\repository\org\eclipse\angus\angus-activation\2.0.2\angus-activation-2.0.2.jar;C:\Users\kavur\.m2\repository\org\glassfish\jaxb\txw2\4.0.5\txw2-4.0.5.jar;C:\Users\kavur\.m2\repository\com\sun\istack\istack-commons-runtime\4.1.2\istack-commons-runtime-4.1.2.jar;C:\Users\kavur\.m2\repository\jakarta\inject\jakarta.inject-api\2.0.1\jakarta.inject-api-2.0.1.jar;C:\Users\kavur\.m2\repository\org\antlr\antlr4-runtime\4.13.0\antlr4-runtime-4.13.0.jar;C:\Users\kavur\.m2\repository\org\springframework\data\spring-data-jpa\3.5.2\spring-data-jpa-3.5.2.jar;C:\Users\kavur\.m2\repository\org\springframework\data\spring-data-commons\3.5.2\spring-data-commons-3.5.2.jar;C:\Users\kavur\.m2\repository\org\springframework\spring-orm\6.2.9\spring-orm-6.2.9.jar;C:\Users\kavur\.m2\repository\org\springframework\spring-context\6.2.9\spring-context-6.2.9.jar;C:\Users\kavur\.m2\repository\org\springframework\spring-aop\6.2.9\spring-aop-6.2.9.jar;C:\Users\kavur\.m2\repository\org\springframework\spring-tx\6.2.9\spring-tx-6.2.9.jar;C:\Users\kavur\.m2\repository\org\springframework\spring-beans\6.2.9\spring-beans-6.2.9.jar;C:\Users\kavur\.m2\repository\org\slf4j\slf4j-api\2.0.17\slf4j-api-2.0.17.jar;C:\Users\kavur\.m2\repository\org\springframework\spring-aspects\6.2.9\spring-aspects-6.2.9.jar;C:\Users\kavur\.m2\repository\org\aspectj\aspectjweaver\1.9.24\aspectjweaver-1.9.24.jar;C:\Users\kavur\.m2\repository\org\springframework\boot\spring-boot-starter-web\3.5.4\spring-boot-starter-web-3.5.4.jar;C:\Users\kavur\.m2\repository\org\springframework\boot\spring-boot-starter-json\3.5.4\spring-boot-starter-json-3.5.4.jar;C:\Users\kavur\.m2\repository\com\fasterxml\jackson\core\jackson-databind\2.19.2\jackson-databind-2.19.2.jar;C:\Users\kavur\.m2\repository\com\fasterxml\jackson\datatype\jackson-datatype-jdk8\2.19.2\jackson-datatype-jdk8-2.19.2.jar;C:\Users\kavur\.m2\repository\com\fasterxml\jackson\datatype\jackson-datatype-jsr310\2.19.2\jackson-datatype-jsr310-2.19.2.jar;C:\Users\kavur\.m2\repository\com\fasterxml\jackson\module\jackson-module-parameter-names\2.19.2\jackson-module-parameter-names-2.19.2.jar;C:\Users\kavur\.m2\repository\org\springframework\boot\spring-boot-starter-tomcat\3.5.4\spring-boot-starter-tomcat-3.5.4.jar;C:\Users\kavur\.m2\repository\org\apache\tomcat\embed\tomcat-embed-core\10.1.43\tomcat-embed-core-10.1.43.jar;C:\Users\kavur\.m2\repository\org\apache\tomcat\embed\tomcat-embed-el\10.1.43\tomcat-embed-el-10.1.43.jar;C:\Users\kavur\.m2\repository\org\apache\tomcat\embed\tomcat-embed-websocket\10.1.43\tomcat-embed-websocket-10.1.43.jar;C:\Users\kavur\.m2\repository\org\springframework\spring-web\6.2.9\spring-web-6.2.9.jar;C:\Users\kavur\.m2\repository\org\springframework\spring-webmvc\6.2.9\spring-webmvc-6.2.9.jar;C:\Users\kavur\.m2\repository\org\springframework\spring-expression\6.2.9\spring-expression-6.2.9.jar;C:\Users\kavur\.m2\repository\org\springframework\boot\spring-boot-devtools\3.5.4\spring-boot-devtools-3.5.4.jar;C:\Users\kavur\.m2\repository\org\springframework\boot\spring-boot\3.5.4\spring-boot-3.5.4.jar;C:\Users\kavur\.m2\repository\org\springframework\boot\spring-boot-autoconfigure\3.5.4\spring-boot-autoconfigure-3.5.4.jar;C:\Users\kavur\.m2\repository\com\mysql\mysql-connector-j\9.3.0\mysql-connector-j-9.3.0.jar;C:\Users\kavur\.m2\repository\org\projectlombok\lombok\1.18.38\lombok-1.18.38.jar;C:\Users\kavur\.m2\repository\org\springframework\cloud\spring-cloud-starter-netflix-eureka-client\4.3.0\spring-cloud-starter-netflix-eureka-client-4.3.0.jar;C:\Users\kavur\.m2\repository\org\springframework\cloud\spring-cloud-starter\4.3.0\spring-cloud-starter-4.3.0.jar;C:\Users\kavur\.m2\repository\org\springframework\cloud\spring-cloud-context\4.3.0\spring-cloud-context-4.3.0.jar;C:\Users\kavur\.m2\repository\org\bouncycastle\bcprov-jdk18on\1.80\bcprov-jdk18on-1.80.jar;C:\Users\kavur\.m2\repository\org\springframework\cloud\spring-cloud-netflix-eureka-client\4.3.0\spring-cloud-netflix-eureka-client-4.3.0.jar;C:\Users\kavur\.m2\repository\com\netflix\eureka\eureka-client\2.0.4\eureka-client-2.0.4.jar;C:\Users\kavur\.m2\repository\com\thoughtworks\xstream\xstream\1.4.20\xstream-1.4.20.jar;C:\Users\kavur\.m2\repository\io\github\x-stream\mxparser\1.2.2\mxparser-1.2.2.jar;C:\Users\kavur\.m2\repository\xmlpull\xmlpull\1.1.3.1\xmlpull-1.1.3.1.jar;C:\Users\kavur\.m2\repository\jakarta\ws\rs\jakarta.ws.rs-api\3.1.0\jakarta.ws.rs-api-3.1.0.jar;C:\Users\kavur\.m2\repository\com\netflix\spectator\spectator-api\1.7.3\spectator-api-1.7.3.jar;C:\Users\kavur\.m2\repository\org\apache\httpcomponents\httpclient\4.5.3\httpclient-4.5.3.jar;C:\Users\kavur\.m2\repository\commons-configuration\commons-configuration\1.10\commons-configuration-1.10.jar;C:\Users\kavur\.m2\repository\commons-lang\commons-lang\2.6\commons-lang-2.6.jar;C:\Users\kavur\.m2\repository\com\fasterxml\jackson\core\jackson-annotations\2.19.2\jackson-annotations-2.19.2.jar;C:\Users\kavur\.m2\repository\com\fasterxml\jackson\core\jackson-core\2.19.2\jackson-core-2.19.2.jar;C:\Users\kavur\.m2\repository\com\netflix\netflix-commons\netflix-eventbus\0.3.0\netflix-eventbus-0.3.0.jar;C:\Users\kavur\.m2\repository\com\netflix\netflix-commons\netflix-infix\0.3.0\netflix-infix-0.3.0.jar;C:\Users\kavur\.m2\repository\commons-jxpath\commons-jxpath\1.3\commons-jxpath-1.3.jar;C:\Users\kavur\.m2\repository\joda-time\joda-time\2.3\joda-time-2.3.jar;C:\Users\kavur\.m2\repository\org\antlr\antlr-runtime\3.4\antlr-runtime-3.4.jar;C:\Users\kavur\.m2\repository\org\antlr\stringtemplate\3.2.1\stringtemplate-3.2.1.jar;C:\Users\kavur\.m2\repository\antlr\antlr\2.7.7\antlr-2.7.7.jar;C:\Users\kavur\.m2\repository\com\google\guava\guava\14.0.1\guava-14.0.1.jar;C:\Users\kavur\.m2\repository\com\google\code\gson\gson\2.13.1\gson-2.13.1.jar;C:\Users\kavur\.m2\repository\com\google\errorprone\error_prone_annotations\2.38.0\error_prone_annotations-2.38.0.jar;C:\Users\kavur\.m2\repository\com\netflix\servo\servo-core\0.5.3\servo-core-0.5.3.jar;C:\Users\kavur\.m2\repository\org\apache\commons\commons-math\2.2\commons-math-2.2.jar;C:\Users\kavur\.m2\repository\javax\annotation\javax.annotation-api\1.2\javax.annotation-api-1.2.jar;C:\Users\kavur\.m2\repository\org\codehaus\jettison\jettison\1.5.4\jettison-1.5.4.jar;C:\Users\kavur\.m2\repository\org\springframework\cloud\spring-cloud-starter-loadbalancer\4.3.0\spring-cloud-starter-loadbalancer-4.3.0.jar;C:\Users\kavur\.m2\repository\org\springframework\cloud\spring-cloud-loadbalancer\4.3.0\spring-cloud-loadbalancer-4.3.0.jar;C:\Users\kavur\.m2\repository\io\projectreactor\reactor-core\3.7.8\reactor-core-3.7.8.jar;C:\Users\kavur\.m2\repository\org\reactivestreams\reactive-streams\1.0.4\reactive-streams-1.0.4.jar;C:\Users\kavur\.m2\repository\io\projectreactor\addons\reactor-extra\3.5.2\reactor-extra-3.5.2.jar;C:\Users\kavur\.m2\repository\org\springframework\boot\spring-boot-starter-cache\3.5.4\spring-boot-starter-cache-3.5.4.jar;C:\Users\kavur\.m2\repository\org\springframework\spring-context-support\6.2.9\spring-context-support-6.2.9.jar;C:\Users\kavur\.m2\repository\com\stoyanr\evictor\1.0.0\evictor-1.0.0.jar;C:\Users\kavur\.m2\repository\jakarta\xml\bind\jakarta.xml.bind-api\4.0.2\jakarta.xml.bind-api-4.0.2.jar;C:\Users\kavur\.m2\repository\jakarta\activation\jakarta.activation-api\2.1.3\jakarta.activation-api-2.1.3.jar;C:\Users\kavur\.m2\repository\org\springframework\spring-core\6.2.9\spring-core-6.2.9.jar;C:\Users\kavur\.m2\repository\org\springframework\spring-jcl\6.2.9\spring-jcl-6.2.9.jar;D:\wipro eclipse\paymentms\paymentms\target\classes;C:\Users\kavur\.m2\repository\io\micrometer\micrometer-registry-prometheus\1.15.2\micrometer-registry-prometheus-1.15.2.jar;C:\Users\kavur\.m2\repository\io\micrometer\micrometer-core\1.15.2\micrometer-core-1.15.2.jar;C:\Users\kavur\.m2\repository\org\hdrhistogram\HdrHistogram\2.2.2\HdrHistogram-2.2.2.jar;C:\Users\kavur\.m2\repository\org\latencyutils\LatencyUtils\2.0.3\LatencyUtils-2.0.3.jar;C:\Users\kavur\.m2\repository\io\prometheus\prometheus-metrics-core\1.3.10\prometheus-metrics-core-1.3.10.jar;C:\Users\kavur\.m2\repository\io\prometheus\prometheus-metrics-model\1.3.10\prometheus-metrics-model-1.3.10.jar;C:\Users\kavur\.m2\repository\io\prometheus\prometheus-metrics-config\1.3.10\prometheus-metrics-config-1.3.10.jar;C:\Users\kavur\.m2\repository\io\prometheus\prometheus-metrics-tracer-common\1.3.10\prometheus-metrics-tracer-common-1.3.10.jar;C:\Users\kavur\.m2\repository\io\prometheus\prometheus-metrics-exposition-formats\1.3.10\prometheus-metrics-exposition-formats-1.3.10.jar;C:\Users\kavur\.m2\repository\io\prometheus\prometheus-metrics-exposition-textformats\1.3.10\prometheus-metrics-exposition-textformats-1.3.10.jar;C:\Users\kavur\.m2\repository\org\springframework\cloud\spring-cloud-starter-openfeign\4.3.0\spring-cloud-starter-openfeign-4.3.0.jar;C:\Users\kavur\.m2\repository\org\springframework\cloud\spring-cloud-openfeign-core\4.3.0\spring-cloud-openfeign-core-4.3.0.jar;C:\Users\kavur\.m2\repository\io\github\openfeign\feign-form-spring\13.6\feign-form-spring-13.6.jar;C:\Users\kavur\.m2\repository\org\apache\commons\commons-text\1.13.0\commons-text-1.13.0.jar;C:\Users\kavur\.m2\repository\org\apache\commons\commons-lang3\3.17.0\commons-lang3-3.17.0.jar;C:\Users\kavur\.m2\repository\io\github\openfeign\feign-form\13.6\feign-form-13.6.jar;C:\Users\kavur\.m2\repository\commons-fileupload\commons-fileupload\1.5\commons-fileupload-1.5.jar;C:\Users\kavur\.m2\repository\org\springframework\cloud\spring-cloud-commons\4.3.0\spring-cloud-commons-4.3.0.jar;C:\Users\kavur\.m2\repository\io\github\openfeign\feign-core\13.6\feign-core-13.6.jar;C:\Users\kavur\.m2\repository\io\github\openfeign\feign-slf4j\13.6\feign-slf4j-13.6.jar;D:\wipro eclipse\SpringMvc\target\classes;D:\Softwares\apache-tomcat-10.1.43-windows-x64\apache-tomcat-10.1.43\lib\annotations-api.jar;D:\Softwares\apache-tomcat-10.1.43-windows-x64\apache-tomcat-10.1.43\lib\catalina-ant.jar;D:\Softwares\apache-tomcat-10.1.43-windows-x64\apache-tomcat-10.1.43\lib\catalina-ha.jar;D:\Softwares\apache-tomcat-10.1.43-windows-x64\apache-tomcat-10.1.43\lib\catalina-ssi.jar;D:\Softwares\apache-tomcat-10.1.43-windows-x64\apache-tomcat-10.1.43\lib\catalina-storeconfig.jar;D:\Softwares\apache-tomcat-10.1.43-windows-x64\apache-tomcat-10.1.43\lib\catalina-tribes.jar;D:\Softwares\apache-tomcat-10.1.43-windows-x64\apache-tomcat-10.1.43\lib\catalina.jar;D:\Softwares\apache-tomcat-10.1.43-windows-x64\apache-tomcat-10.1.43\lib\ecj-4.27.jar;D:\Softwares\apache-tomcat-10.1.43-windows-x64\apache-tomcat-10.1.43\lib\el-api.jar;D:\Softwares\apache-tomcat-10.1.43-windows-x64\apache-tomcat-10.1.43\lib\jakartaee-migration-1.0.9-shaded.jar;D:\Softwares\apache-tomcat-10.1.43-windows-x64\apache-tomcat-10.1.43\lib\jasper-el.jar;D:\Softwares\apache-tomcat-10.1.43-windows-x64\apache-tomcat-10.1.43\lib\jasper.jar;D:\Softwares\apache-tomcat-10.1.43-windows-x64\apache-tomcat-10.1.43\lib\jaspic-api.jar;D:\Softwares\apache-tomcat-10.1.43-windows-x64\apache-tomcat-10.1.43\lib\jsp-api.jar;D:\Softwares\apache-tomcat-10.1.43-windows-x64\apache-tomcat-10.1.43\lib\servlet-api.jar;D:\Softwares\apache-tomcat-10.1.43-windows-x64\apache-tomcat-10.1.43\lib\tomcat-api.jar;D:\Softwares\apache-tomcat-10.1.43-windows-x64\apache-tomcat-10.1.43\lib\tomcat-coyote-ffm.jar;D:\Softwares\apache-tomcat-10.1.43-windows-x64\apache-tomcat-10.1.43\lib\tomcat-coyote.jar;D:\Softwares\apache-tomcat-10.1.43-windows-x64\apache-tomcat-10.1.43\lib\tomcat-dbcp.jar;D:\Softwares\apache-tomcat-10.1.43-windows-x64\apache-tomcat-10.1.43\lib\tomcat-i18n-cs.jar;D:\Softwares\apache-tomcat-10.1.43-windows-x64\apache-tomcat-10.1.43\lib\tomcat-i18n-de.jar;D:\Softwares\apache-tomcat-10.1.43-windows-x64\apache-tomcat-10.1.43\lib\tomcat-i18n-es.jar;D:\Softwares\apache-tomcat-10.1.43-windows-x64\apache-tomcat-10.1.43\lib\tomcat-i18n-fr.jar;D:\Softwares\apache-tomcat-10.1.43-windows-x64\apache-tomcat-10.1.43\lib\tomcat-i18n-ja.jar;D:\Softwares\apache-tomcat-10.1.43-windows-x64\apache-tomcat-10.1.43\lib\tomcat-i18n-ko.jar;D:\Softwares\apache-tomcat-10.1.43-windows-x64\apache-tomcat-10.1.43\lib\tomcat-i18n-pt-BR.jar;D:\Softwares\apache-tomcat-10.1.43-windows-x64\apache-tomcat-10.1.43\lib\tomcat-i18n-ru.jar;D:\Softwares\apache-tomcat-10.1.43-windows-x64\apache-tomcat-10.1.43\lib\tomcat-i18n-zh-CN.jar;D:\Softwares\apache-tomcat-10.1.43-windows-x64\apache-tomcat-10.1.43\lib\tomcat-jdbc.jar;D:\Softwares\apache-tomcat-10.1.43-windows-x64\apache-tomcat-10.1.43\lib\tomcat-jni.jar;D:\Softwares\apache-tomcat-10.1.43-windows-x64\apache-tomcat-10.1.43\lib\tomcat-util-scan.jar;D:\Softwares\apache-tomcat-10.1.43-windows-x64\apache-tomcat-10.1.43\lib\tomcat-util.jar;D:\Softwares\apache-tomcat-10.1.43-windows-x64\apache-tomcat-10.1.43\lib\tomcat-websocket.jar;D:\Softwares\apache-tomcat-10.1.43-windows-x64\apache-tomcat-10.1.43\lib\websocket-api.jar;D:\Softwares\apache-tomcat-10.1.43-windows-x64\apache-tomcat-10.1.43\lib\websocket-client-api.jar;C:\Users\kavur\.m2\repository\jakarta\servlet\jakarta.servlet-api\6.0.0\jakarta.servlet-api-6.0.0.jar;C:\Users\kavur\.m2\repository\jakarta\servlet\jsp\jstl\jakarta.servlet.jsp.jstl-api\3.0.2\jakarta.servlet.jsp.jstl-api-3.0.2.jar;C:\Users\kavur\.m2\repository\jakarta\el\jakarta.el-api\5.0.0\jakarta.el-api-5.0.0.jar;C:\Users\kavur\.m2\repository\org\glassfish\web\jakarta.servlet.jsp.jstl\3.0.1\jakarta.servlet.jsp.jstl-3.0.1.jar;C:\Users\kavur\.m2\repository\org\springframework\cloud\spring-cloud-config-server\4.3.0\spring-cloud-config-server-4.3.0.jar;C:\Users\kavur\.m2\repository\org\springframework\cloud\spring-cloud-config-client\4.3.0\spring-cloud-config-client-4.3.0.jar;C:\Users\kavur\.m2\repository\io\micrometer\micrometer-observation\1.15.2\micrometer-observation-1.15.2.jar;C:\Users\kavur\.m2\repository\io\micrometer\micrometer-commons\1.15.2\micrometer-commons-1.15.2.jar;C:\Users\kavur\.m2\repository\org\springframework\boot\spring-boot-starter-validation\3.5.4\spring-boot-starter-validation-3.5.4.jar;C:\Users\kavur\.m2\repository\org\hibernate\validator\hibernate-validator\8.0.2.Final\hibernate-validator-8.0.2.Final.jar;C:\Users\kavur\.m2\repository\jakarta\validation\jakarta.validation-api\3.0.2\jakarta.validation-api-3.0.2.jar;C:\Users\kavur\.m2\repository\org\springframework\security\spring-security-crypto\6.5.2\spring-security-crypto-6.5.2.jar;C:\Users\kavur\.m2\repository\org\apache\httpcomponents\client5\httpclient5\5.5\httpclient5-5.5.jar;C:\Users\kavur\.m2\repository\org\apache\httpcomponents\core5\httpcore5\5.3.4\httpcore5-5.3.4.jar;C:\Users\kavur\.m2\repository\org\apache\httpcomponents\core5\httpcore5-h2\5.3.4\httpcore5-h2-5.3.4.jar;C:\Users\kavur\.m2\repository\org\eclipse\jgit\org.eclipse.jgit\6.10.1.202505221210-r\org.eclipse.jgit-6.10.1.202505221210-r.jar;C:\Users\kavur\.m2\repository\com\googlecode\javaewah\JavaEWAH\1.2.3\JavaEWAH-1.2.3.jar;C:\Users\kavur\.m2\repository\commons-codec\commons-codec\1.18.0\commons-codec-1.18.0.jar;C:\Users\kavur\.m2\repository\org\eclipse\jgit\org.eclipse.jgit.http.apache\6.10.1.202505221210-r\org.eclipse.jgit.http.apache-6.10.1.202505221210-r.jar;C:\Users\kavur\.m2\repository\org\apache\httpcomponents\httpcore\4.4.16\httpcore-4.4.16.jar;C:\Users\kavur\.m2\repository\org\eclipse\jgit\org.eclipse.jgit.ssh.apache\6.10.1.202505221210-r\org.eclipse.jgit.ssh.apache-6.10.1.202505221210-r.jar;C:\Users\kavur\.m2\repository\org\apache\sshd\sshd-osgi\2.14.0\sshd-osgi-2.14.0.jar;C:\Users\kavur\.m2\repository\org\slf4j\jcl-over-slf4j\2.0.17\jcl-over-slf4j-2.0.17.jar;C:\Users\kavur\.m2\repository\org\apache\sshd\sshd-sftp\2.14.0\sshd-sftp-2.14.0.jar;C:\Users\kavur\.m2\repository\net\i2p\crypto\eddsa\0.3.0\eddsa-0.3.0.jar;C:\Users\kavur\.m2\repository\org\yaml\snakeyaml\2.4\snakeyaml-2.4.jar;C:\Users\kavur\.m2\repository\com\fasterxml\jackson\dataformat\jackson-dataformat-yaml\2.19.2\jackson-dataformat-yaml-2.19.2.jar
Launcher Type: SUN_STANDARD

[Global flags]
     intx CICompilerCount                          = 4                                         {product} {ergonomic}
     uint ConcGCThreads                            = 2                                         {product} {ergonomic}
     uint G1ConcRefinementThreads                  = 8                                         {product} {ergonomic}
   size_t G1HeapRegionSize                         = 1048576                                   {product} {ergonomic}
   size_t InitialHeapSize                          = 130023424                                 {product} {ergonomic}
   size_t MarkStackSize                            = 4194304                                   {product} {ergonomic}
   size_t MaxHeapSize                              = 2071986176                                {product} {ergonomic}
   size_t MaxNewSize                               = 1242562560                                {product} {ergonomic}
   size_t MinHeapDeltaBytes                        = 1048576                                   {product} {ergonomic}
   size_t MinHeapSize                              = 8388608                                   {product} {ergonomic}
    uintx NonNMethodCodeHeapSize                   = 5839372                                {pd product} {ergonomic}
    uintx NonProfiledCodeHeapSize                  = 122909434                              {pd product} {ergonomic}
    uintx ProfiledCodeHeapSize                     = 122909434                              {pd product} {ergonomic}
    uintx ReservedCodeCacheSize                    = 251658240                              {pd product} {ergonomic}
     bool SegmentedCodeCache                       = true                                      {product} {ergonomic}
     bool ShowCodeDetailsInExceptionMessages       = true                                   {manageable} {command line}
   size_t SoftMaxHeapSize                          = 2071986176                             {manageable} {ergonomic}
     bool UseCompressedOops                        = true                           {product lp64_product} {ergonomic}
     bool UseG1GC                                  = true                                      {product} {ergonomic}
     bool UseLargePagesIndividualAllocation        = false                                  {pd product} {ergonomic}

Logging:
Log output configuration:
 #0: stdout all=warning uptime,level,tags foldmultilines=false
 #1: stderr all=off uptime,level,tags foldmultilines=false

Environment Variables:
PATH=D:/Softwares/eclipse-jee-2025-06-R-win32-x86_64/eclipse//plugins/org.eclipse.justj.openjdk.hotspot.jre.full.win32.x86_64_21.0.7.v20250502-0916/jre/bin/server;D:/Softwares/eclipse-jee-2025-06-R-win32-x86_64/eclipse//plugins/org.eclipse.justj.openjdk.hotspot.jre.full.win32.x86_64_21.0.7.v20250502-0916/jre/bin;C:\Program Files\Java\jdk-21\bin;C:\Windows\system32;C:\Windows;C:\Windows\System32\Wbem;C:\Windows\System32\WindowsPowerShell\v1.0\;C:\Windows\System32\OpenSSH\;C:\Program Files\Amazon\AWSCLIV2\;C:\Program Files\Git\cmd;C:\Program Files\Java\jdk-21\bin;C:\Users\kavur\Downloads\apache-maven-3.9.6-bin.zip\apache-maven-3.9.6\bin;C:\Program Files\nodejs\;C:\kafka-3.9.0-src\bin;C:\Users\kavur\AppData\Local\Microsoft\WindowsApps;C:\Users\kavur\AppData\Local\Programs\Microsoft VS Code\bin;C:\Users\kavur\AppData\Roaming\npm;D:\Softwares\eclipse-jee-2025-06-R-win32-x86_64\eclipse;
USERNAME=kavur
OS=Windows_NT
PROCESSOR_IDENTIFIER=Intel64 Family 6 Model 154 Stepping 4, GenuineIntel
TMP=C:\Users\kavur\AppData\Local\Temp
TEMP=C:\Users\kavur\AppData\Local\Temp




Periodic native trim disabled

---------------  S Y S T E M  ---------------

OS:
 Windows 11 , 64 bit Build 22621 (10.0.22621.5415)
OS uptime: 23 days 15:59 hours
Hyper-V role detected

CPU: total 8 (initial active 8) (4 cores per cpu, 2 threads per core) family 6 model 154 stepping 4 microcode 0x423, cx8, cmov, fxsr, ht, mmx, 3dnowpref, sse, sse2, sse3, ssse3, sse4.1, sse4.2, popcnt, lzcnt, tsc, tscinvbit, avx, avx2, aes, erms, clmul, bmi1, bmi2, adx, sha, fma, vzeroupper, clflush, clflushopt, clwb, hv, serialize, rdtscp, rdpid, fsrm, f16c, cet_ibt, cet_ss
Processor Information for processor 0
  Max Mhz: 1200, Current Mhz: 1200, Mhz Limit: 1200
Processor Information for processor 1
  Max Mhz: 1200, Current Mhz: 1200, Mhz Limit: 1200
Processor Information for processor 2
  Max Mhz: 1200, Current Mhz: 1200, Mhz Limit: 1200
Processor Information for processor 3
  Max Mhz: 1200, Current Mhz: 1200, Mhz Limit: 1200
Processor Information for processor 4
  Max Mhz: 1200, Current Mhz: 900, Mhz Limit: 900
Processor Information for processor 5
  Max Mhz: 1200, Current Mhz: 900, Mhz Limit: 900
Processor Information for processor 6
  Max Mhz: 1200, Current Mhz: 900, Mhz Limit: 900
Processor Information for processor 7
  Max Mhz: 1200, Current Mhz: 900, Mhz Limit: 900

Memory: 4k page, system-wide physical 7896M (164M free)
TotalPageFile size 22167M (AvailPageFile size 0M)
current process WorkingSet (physical memory assigned to process): 26M, peak: 26M
current process commit charge ("private bytes"): 194M, peak: 194M

vm_info: OpenJDK 64-Bit Server VM (22.0.2+9) for windows-amd64 JRE (22.0.2+9), built on 2024-07-16T00:00:00Z by "admin" with MS VC++ 17.7 (VS2022)

END.
